<?xml version="1.0" encoding="UTF-8"?>
<testsuite xmlns:xsi="http://www.w3.org/2001/XMLSchema-instance" xsi:noNamespaceSchemaLocation="https://maven.apache.org/surefire/maven-surefire-plugin/xsd/surefire-test-report-3.0.xsd" version="3.0" name="com.dsa.DsaApplicationTests" time="4.272" tests="1" errors="0" skipped="0" failures="0">
  <properties>
[...]
</properties>
  <testcase name="contextLoads" classname="com.dsa.DsaApplicationTests" time="1.385">
    <system-out><![CDATA[04:46:50.488 [main] INFO org.springframework.test.context.support.AnnotationConfigContextLoaderUtils -- Could not detect default configuration classes for test class [com.dsa.DsaApplicationTests]: DsaApplicationTests does not declare any static, non-private, non-final, nested classes annotated with @Configuration.
04:46:50.631 [main] INFO org.springframework.boot.test.context.SpringBootTestContextBootstrapper -- Found @SpringBootConfiguration com.dsa.DsaApplication for test class com.dsa.DsaApplicationTests

  .   ____          _            __ _ _
 /\\ / ___'_ __ _ _(_)_ __  __ _ \ \ \ \
( ( )\___ | '_ | '_| | '_ \/ _` | \ \ \ \
 \\/  ___)| |_)| | | | | || (_| |  ) ) ) )
  '  |____| .__|_| |_|_| |_\__, | / / / /
 =========|_|==============|___/=/_/_/_/
 :: Spring Boot ::                (v3.1.0)

2023-05-30T04:46:51.270+07:00  INFO 9320 --- [           main] com.dsa.DsaApplicationTests              : Starting DsaApplicationTests using Java 17.0.5 with PID 9320 (started by Truc in D:\Java_Projects\dsa)
2023-05-30T04:46:51.272+07:00  INFO 9320 --- [           main] com.dsa.DsaApplicationTests              : No active profile set, falling back to 1 default profile: "default"
2023-05-30T04:46:52.935+07:00  INFO 9320 --- [           main] o.s.b.a.w.s.WelcomePageHandlerMapping    : Adding welcome page template: index
2023-05-30T04:46:53.156+07:00  INFO 9320 --- [           main] com.dsa.DsaApplicationTests              : Started DsaApplicationTests in 2.242 seconds (process running for 3.589)
]]></system-out>
  </testcase>
</testsuite>